This is pdfTeX, Version 3.141592653-2.6-1.40.22 (TeX Live 2022/dev/Debian) (preloaded format=pdflatex 2023.1.4)  15 MAR 2023 11:04
entering extended mode
 restricted \write18 enabled.
 %&-line parsing enabled.
**latexTemplate.tex
(./latexTemplate.tex
LaTeX2e <2021-11-15> patch level 1
L3 programming layer <2022-01-21>
(/usr/share/texlive/texmf-dist/tex/latex/extsizes/extarticle.cls
Document Class: extarticle 1996/10/08 v1.0 Non Standard LaTeX document class
(/usr/share/texlive/texmf-dist/tex/latex/extsizes/size17.clo
File: size17.clo 1999/11/11 NON-Standard LaTeX file (size option)
)
(/usr/share/texlive/texmf-dist/tex/latex/base/exscale.sty
Package: exscale 2018/09/24 v2.1i Standard LaTeX package exscale
LaTeX Font Info:    Redeclaring symbol font `largesymbols' on input line 57.
LaTeX Font Info:    Overwriting symbol font `largesymbols' in version `normal'
(Font)                  OMX/cmex/m/n --> OMX/cmex/m/n on input line 57.
LaTeX Font Info:    Overwriting symbol font `largesymbols' in version `bold'
(Font)                  OMX/cmex/m/n --> OMX/cmex/m/n on input line 57.
\big@size=\dimen138
)
\c@part=\count185
\c@section=\count186
\c@subsection=\count187
\c@subsubsection=\count188
\c@paragraph=\count189
\c@subparagraph=\count190
\c@figure=\count191
\c@table=\count192
\abovecaptionskip=\skip47
\belowcaptionskip=\skip48
\bibindent=\dimen139
)
(/usr/share/texlive/texmf-dist/tex/latex/graphics/graphicx.sty
Package: graphicx 2021/09/16 v1.2d Enhanced LaTeX Graphics (DPC,SPQR)

(/usr/share/texlive/texmf-dist/tex/latex/graphics/keyval.sty
Package: keyval 2014/10/28 v1.15 key=value parser (DPC)
\KV@toks@=\toks16
)
(/usr/share/texlive/texmf-dist/tex/latex/graphics/graphics.sty
Package: graphics 2021/03/04 v1.4d Standard LaTeX Graphics (DPC,SPQR)

(/usr/share/texlive/texmf-dist/tex/latex/graphics/trig.sty
Package: trig 2021/08/11 v1.11 sin cos tan (DPC)
)
(/usr/share/texlive/texmf-dist/tex/latex/graphics-cfg/graphics.cfg
File: graphics.cfg 2016/06/04 v1.11 sample graphics configuration
)
Package graphics Info: Driver file: pdftex.def on input line 107.

(/usr/share/texlive/texmf-dist/tex/latex/graphics-def/pdftex.def
File: pdftex.def 2020/10/05 v1.2a Graphics/color driver for pdftex
))
\Gin@req@height=\dimen140
\Gin@req@width=\dimen141
)
(/usr/share/texlive/texmf-dist/tex/latex/setspace/setspace.sty
Package: setspace 2011/12/19 v6.7a set line spacing
)
(/usr/share/texlive/texmf-dist/tex/latex/amsmath/amsmath.sty
Package: amsmath 2021/10/15 v2.17l AMS math features
\@mathmargin=\skip49

For additional information on amsmath, use the `?' option.
(/usr/share/texlive/texmf-dist/tex/latex/amsmath/amstext.sty
Package: amstext 2021/08/26 v2.01 AMS text

(/usr/share/texlive/texmf-dist/tex/latex/amsmath/amsgen.sty
File: amsgen.sty 1999/11/30 v2.0 generic functions
\@emptytoks=\toks17
\ex@=\dimen142
))
(/usr/share/texlive/texmf-dist/tex/latex/amsmath/amsbsy.sty
Package: amsbsy 1999/11/29 v1.2d Bold Symbols
\pmbraise@=\dimen143
)
(/usr/share/texlive/texmf-dist/tex/latex/amsmath/amsopn.sty
Package: amsopn 2021/08/26 v2.02 operator names
)
\inf@bad=\count193
LaTeX Info: Redefining \frac on input line 234.
\uproot@=\count194
\leftroot@=\count195
LaTeX Info: Redefining \overline on input line 399.
\classnum@=\count196
\DOTSCASE@=\count197
LaTeX Info: Redefining \ldots on input line 496.
LaTeX Info: Redefining \dots on input line 499.
LaTeX Info: Redefining \cdots on input line 620.
\Mathstrutbox@=\box50
\strutbox@=\box51
\big@size=\dimen144
LaTeX Font Info:    Redeclaring font encoding OML on input line 743.
LaTeX Font Info:    Redeclaring font encoding OMS on input line 744.
\macc@depth=\count198
\c@MaxMatrixCols=\count199
\dotsspace@=\muskip16
\c@parentequation=\count266
\dspbrk@lvl=\count267
\tag@help=\toks18
\row@=\count268
\column@=\count269
\maxfields@=\count270
\andhelp@=\toks19
\eqnshift@=\dimen145
\alignsep@=\dimen146
\tagshift@=\dimen147
\tagwidth@=\dimen148
\totwidth@=\dimen149
\lineht@=\dimen150
\@envbody=\toks20
\multlinegap=\skip50
\multlinetaggap=\skip51
\mathdisplay@stack=\toks21
LaTeX Info: Redefining \[ on input line 2938.
LaTeX Info: Redefining \] on input line 2939.
)
(/usr/share/texlive/texmf-dist/tex/latex/amsfonts/amssymb.sty
Package: amssymb 2013/01/14 v3.01 AMS font symbols

(/usr/share/texlive/texmf-dist/tex/latex/amsfonts/amsfonts.sty
Package: amsfonts 2013/01/14 v3.01 Basic AMSFonts support
\symAMSa=\mathgroup4
\symAMSb=\mathgroup5
LaTeX Font Info:    Redeclaring math symbol \hbar on input line 98.
LaTeX Font Info:    Overwriting math alphabet `\mathfrak' in version `bold'
(Font)                  U/euf/m/n --> U/euf/b/n on input line 106.
))
(/usr/share/texlive/texmf-dist/tex/latex/ieeetran/IEEEtrantools.sty
Package: IEEEtrantools 2015/08/26 V1.5 by Michael Shell

-- See the "IEEEtrantools_doc.txt" manual for usage information.
-- http://www.michaelshell.org/tex/ieeetran/tools/
\@IEEEtrantmpdimenA=\dimen151
\@IEEEtrantmpdimenB=\dimen152
\@IEEEtrantmpdimenC=\dimen153
\@IEEEtrantmpcountA=\count271
\@IEEEtrantmpcountB=\count272
\@IEEEtrantmpcountC=\count273
\@IEEEtrantmptoksA=\toks22
\IEEEnormaljot=\dimen154
\IEEEquantizedlength=\dimen155
\IEEEquantizedlengthdiff=\dimen156
\IEEEquantizedtextheightdiff=\dimen157
\IEEEilabelindentA=\dimen158
\IEEEilabelindentB=\dimen159
\IEEEilabelindent=\dimen160
\IEEEelabelindent=\dimen161
\IEEEdlabelindent=\dimen162
\IEEElabelindent=\dimen163
\IEEEiednormlabelsep=\dimen164
\IEEEiedmathlabelsep=\dimen165
\IEEEiedtopsep=\skip52
\c@IEEEsubequation=\count274
\@IEEEeqnnumcols=\count275
\@IEEEeqncolcnt=\count276
\@IEEEsubeqnnumrollback=\count277
\IEEEPARstartletwidth=\dimen166
) (/usr/share/texlive/texmf-dist/tex/latex/cancel/cancel.sty
Package: cancel 2013/04/12 v2.2 Cancel math terms
)
(/usr/share/texlive/texmf-dist/tex/latex/caption/caption.sty
Package: caption 2020/10/26 v3.5g Customizing captions (AR)

(/usr/share/texlive/texmf-dist/tex/latex/caption/caption3.sty
Package: caption3 2020/10/21 v2.2e caption3 kernel (AR)
\captionmargin=\dimen167
\captionmargin@=\dimen168
\captionwidth=\dimen169
\caption@tempdima=\dimen170
\caption@indent=\dimen171
\caption@parindent=\dimen172
\caption@hangindent=\dimen173
Package caption Info: Standard document class detected.
)
\c@caption@flags=\count278
\c@continuedfloat=\count279
)
(/usr/share/texlive/texmf-dist/tex/latex/tools/verbatim.sty
Package: verbatim 2020-07-07 v1.5u LaTeX2e package for verbatim enhancements
\every@verbatim=\toks23
\verbatim@line=\toks24
\verbatim@in@stream=\read2
)
(/usr/share/texlive/texmf-dist/tex/latex/base/fontenc.sty
Package: fontenc 2021/04/29 v2.0v Standard LaTeX package
)
(/usr/share/texlive/texmf-dist/tex/latex/base/inputenc.sty
Package: inputenc 2021/02/14 v1.3d Input encoding file
\inpenc@prehook=\toks25
\inpenc@posthook=\toks26
)
(/usr/share/texlive/texmf-dist/tex/generic/babel/babel.sty
Package: babel 2022/01/26 3.70 The Babel package
\babel@savecnt=\count280
\U@D=\dimen174
\l@unhyphenated=\language87

(/usr/share/texlive/texmf-dist/tex/generic/babel/txtbabel.def)
\bbl@readstream=\read3
\bbl@dirlevel=\count281

(/usr/share/texlive/texmf-dist/tex/generic/babel-italian/italian.ldf
Language: italian 2020/05/21 v.1.4.04 Italian support for the babel system
\it@lettering=\count282
\it@doublequoteactive=\count283
\it@ISOcompliance=\count284
))
(/usr/share/texlive/texmf-dist/tex/latex/etoolbox/etoolbox.sty
Package: etoolbox 2020/10/05 v2.5k e-TeX tools for LaTeX (JAW)
\etb@tempcnta=\count285
)
(/usr/share/texlive/texmf-dist/tex/latex/imakeidx/imakeidx.sty
Package: imakeidx 2016/10/15 v1.3e Package for typesetting indices in a synchro
nous mode

(/usr/share/texlive/texmf-dist/tex/latex/xkeyval/xkeyval.sty
Package: xkeyval 2020/11/20 v2.8 package option processing (HA)

(/usr/share/texlive/texmf-dist/tex/generic/xkeyval/xkeyval.tex
(/usr/share/texlive/texmf-dist/tex/generic/xkeyval/xkvutils.tex
\XKV@toks=\toks27
\XKV@tempa@toks=\toks28
)
\XKV@depth=\count286
File: xkeyval.tex 2014/12/03 v2.7a key=value parser (HA)
))
(/usr/share/texlive/texmf-dist/tex/generic/iftex/ifxetex.sty
Package: ifxetex 2019/10/25 v0.7 ifxetex legacy package. Use iftex instead.

(/usr/share/texlive/texmf-dist/tex/generic/iftex/iftex.sty
Package: iftex 2020/03/06 v1.0d TeX engine tests
))
(/usr/share/texlive/texmf-dist/tex/generic/iftex/ifluatex.sty
Package: ifluatex 2019/10/25 v1.5 ifluatex legacy package. Use iftex instead.
)
(/usr/share/texlive/texmf-dist/tex/latex/tools/multicol.sty
Package: multicol 2021/10/28 v1.9b multicolumn formatting (FMi)
\c@tracingmulticols=\count287
\mult@box=\box52
\multicol@leftmargin=\dimen175
\c@unbalance=\count288
\c@collectmore=\count289
\doublecol@number=\count290
\multicoltolerance=\count291
\multicolpretolerance=\count292
\full@width=\dimen176
\page@free=\dimen177
\premulticols=\dimen178
\postmulticols=\dimen179
\multicolsep=\skip53
\multicolbaselineskip=\skip54
\partial@page=\box53
\last@line=\box54
\maxbalancingoverflow=\dimen180
\mult@rightbox=\box55
\mult@grightbox=\box56
\mult@firstbox=\box57
\mult@gfirstbox=\box58
\@tempa=\box59
\@tempa=\box60
\@tempa=\box61
\@tempa=\box62
\@tempa=\box63
\@tempa=\box64
\@tempa=\box65
\@tempa=\box66
\@tempa=\box67
\@tempa=\box68
\@tempa=\box69
\@tempa=\box70
\@tempa=\box71
\@tempa=\box72
\@tempa=\box73
\@tempa=\box74
\@tempa=\box75
\@tempa=\box76
\@tempa=\box77
\@tempa=\box78
\@tempa=\box79
\@tempa=\box80
\@tempa=\box81
\@tempa=\box82
\@tempa=\box83
\@tempa=\box84
\@tempa=\box85
\@tempa=\box86
\@tempa=\box87
\@tempa=\box88
\@tempa=\box89
\@tempa=\box90
\@tempa=\box91
\@tempa=\box92
\@tempa=\box93
\@tempa=\box94
\c@minrows=\count293
\c@columnbadness=\count294
\c@finalcolumnbadness=\count295
\last@try=\dimen181
\multicolovershoot=\dimen182
\multicolundershoot=\dimen183
\mult@nat@firstbox=\box95
\colbreak@box=\box96
\mc@col@check@num=\count296
))
(/usr/share/texlive/texmf-dist/tex/latex/hyperref/hyperref.sty
Package: hyperref 2021-06-07 v7.00m Hypertext links for LaTeX

(/usr/share/texlive/texmf-dist/tex/generic/ltxcmds/ltxcmds.sty
Package: ltxcmds 2020-05-10 v1.25 LaTeX kernel commands for general use (HO)
)
(/usr/share/texlive/texmf-dist/tex/generic/pdftexcmds/pdftexcmds.sty
Package: pdftexcmds 2020-06-27 v0.33 Utility functions of pdfTeX for LuaTeX (HO
)

(/usr/share/texlive/texmf-dist/tex/generic/infwarerr/infwarerr.sty
Package: infwarerr 2019/12/03 v1.5 Providing info/warning/error messages (HO)
)
Package pdftexcmds Info: \pdf@primitive is available.
Package pdftexcmds Info: \pdf@ifprimitive is available.
Package pdftexcmds Info: \pdfdraftmode found.
)
(/usr/share/texlive/texmf-dist/tex/generic/kvsetkeys/kvsetkeys.sty
Package: kvsetkeys 2019/12/15 v1.18 Key value parser (HO)
)
(/usr/share/texlive/texmf-dist/tex/generic/kvdefinekeys/kvdefinekeys.sty
Package: kvdefinekeys 2019-12-19 v1.6 Define keys (HO)
)
(/usr/share/texlive/texmf-dist/tex/generic/pdfescape/pdfescape.sty
Package: pdfescape 2019/12/09 v1.15 Implements pdfTeX's escape features (HO)
)
(/usr/share/texlive/texmf-dist/tex/latex/hycolor/hycolor.sty
Package: hycolor 2020-01-27 v1.10 Color options for hyperref/bookmark (HO)
)
(/usr/share/texlive/texmf-dist/tex/latex/letltxmacro/letltxmacro.sty
Package: letltxmacro 2019/12/03 v1.6 Let assignment for LaTeX macros (HO)
)
(/usr/share/texlive/texmf-dist/tex/latex/auxhook/auxhook.sty
Package: auxhook 2019-12-17 v1.6 Hooks for auxiliary files (HO)
)
(/usr/share/texlive/texmf-dist/tex/latex/kvoptions/kvoptions.sty
Package: kvoptions 2020-10-07 v3.14 Key value format for package options (HO)
)
\@linkdim=\dimen184
\Hy@linkcounter=\count297
\Hy@pagecounter=\count298

(/usr/share/texlive/texmf-dist/tex/latex/hyperref/pd1enc.def
File: pd1enc.def 2021-06-07 v7.00m Hyperref: PDFDocEncoding definition (HO)
Now handling font encoding PD1 ...
... no UTF-8 mapping file for font encoding PD1
)
(/usr/share/texlive/texmf-dist/tex/latex/hyperref/hyperref-langpatches.def
File: hyperref-langpatches.def 2021-06-07 v7.00m Hyperref: patches for babel la
nguages
)
(/usr/share/texlive/texmf-dist/tex/generic/intcalc/intcalc.sty
Package: intcalc 2019/12/15 v1.3 Expandable calculations with integers (HO)
)
(/usr/share/texlive/texmf-dist/tex/generic/etexcmds/etexcmds.sty
Package: etexcmds 2019/12/15 v1.7 Avoid name clashes with e-TeX commands (HO)
)
\Hy@SavedSpaceFactor=\count299

(/usr/share/texlive/texmf-dist/tex/latex/hyperref/puenc.def
File: puenc.def 2021-06-07 v7.00m Hyperref: PDF Unicode definition (HO)
Now handling font encoding PU ...
... no UTF-8 mapping file for font encoding PU
)
Package hyperref Info: Hyper figures OFF on input line 4192.
Package hyperref Info: Link nesting OFF on input line 4197.
Package hyperref Info: Hyper index ON on input line 4200.
Package hyperref Info: Plain pages OFF on input line 4207.
Package hyperref Info: Backreferencing OFF on input line 4212.
Package hyperref Info: Implicit mode ON; LaTeX internals redefined.
Package hyperref Info: Bookmarks ON on input line 4445.
\c@Hy@tempcnt=\count300

(/usr/share/texlive/texmf-dist/tex/latex/url/url.sty
\Urlmuskip=\muskip17
Package: url 2013/09/16  ver 3.4  Verb mode for urls, etc.
)
LaTeX Info: Redefining \url on input line 4804.
\XeTeXLinkMargin=\dimen185

(/usr/share/texlive/texmf-dist/tex/generic/bitset/bitset.sty
Package: bitset 2019/12/09 v1.3 Handle bit-vector datatype (HO)

(/usr/share/texlive/texmf-dist/tex/generic/bigintcalc/bigintcalc.sty
Package: bigintcalc 2019/12/15 v1.5 Expandable calculations on big integers (HO
)
))
\Fld@menulength=\count301
\Field@Width=\dimen186
\Fld@charsize=\dimen187
Package hyperref Info: Hyper figures OFF on input line 6076.
Package hyperref Info: Link nesting OFF on input line 6081.
Package hyperref Info: Hyper index ON on input line 6084.
Package hyperref Info: backreferencing OFF on input line 6091.
Package hyperref Info: Link coloring OFF on input line 6096.
Package hyperref Info: Link coloring with OCG OFF on input line 6101.
Package hyperref Info: PDF/A mode OFF on input line 6106.
LaTeX Info: Redefining \ref on input line 6146.
LaTeX Info: Redefining \pageref on input line 6150.

(/usr/share/texlive/texmf-dist/tex/latex/base/atbegshi-ltx.sty
Package: atbegshi-ltx 2021/01/10 v1.0c Emulation of the original atbegshi
package with kernel methods
)
\Hy@abspage=\count302
\c@Item=\count303
\c@Hfootnote=\count304
)
Package hyperref Info: Driver (autodetected): hpdftex.

(/usr/share/texlive/texmf-dist/tex/latex/hyperref/hpdftex.def
File: hpdftex.def 2021-06-07 v7.00m Hyperref driver for pdfTeX

(/usr/share/texlive/texmf-dist/tex/latex/base/atveryend-ltx.sty
Package: atveryend-ltx 2020/08/19 v1.0a Emulation of the original atveryend pac
kage
with kernel methods
)
\Fld@listcount=\count305
\c@bookmark@seq@number=\count306

(/usr/share/texlive/texmf-dist/tex/latex/rerunfilecheck/rerunfilecheck.sty
Package: rerunfilecheck 2019/12/05 v1.9 Rerun checks for auxiliary files (HO)

(/usr/share/texlive/texmf-dist/tex/generic/uniquecounter/uniquecounter.sty
Package: uniquecounter 2019/12/15 v1.4 Provide unlimited unique counter (HO)
)
Package uniquecounter Info: New unique counter `rerunfilecheck' on input line 2
86.
)
\Hy@SectionHShift=\skip55
)
\latexTemplate@idxfile=\write3
\openout3 = `latexTemplate.idx'.


Writing index file latexTemplate.idx
(/usr/share/texlive/texmf-dist/tex/latex/geometry/geometry.sty
Package: geometry 2020/01/02 v5.9 Page Geometry

(/usr/share/texlive/texmf-dist/tex/generic/iftex/ifvtex.sty
Package: ifvtex 2019/10/25 v1.7 ifvtex legacy package. Use iftex instead.
)
\Gm@cnth=\count307
\Gm@cntv=\count308
\c@Gm@tempcnt=\count309
\Gm@bindingoffset=\dimen188
\Gm@wd@mp=\dimen189
\Gm@odd@mp=\dimen190
\Gm@even@mp=\dimen191
\Gm@layoutwidth=\dimen192
\Gm@layoutheight=\dimen193
\Gm@layouthoffset=\dimen194
\Gm@layoutvoffset=\dimen195
\Gm@dimlist=\toks29
)
(/usr/share/texlive/texmf-dist/tex/latex/l3backend/l3backend-pdftex.def
File: l3backend-pdftex.def 2022-01-12 L3 backend support: PDF output (pdfTeX)
\l__color_backend_stack_int=\count310
\l__pdf_internal_box=\box97
)
(./latexTemplate.aux)
\openout1 = `latexTemplate.aux'.

LaTeX Font Info:    Checking defaults for OML/cmm/m/it on input line 47.
LaTeX Font Info:    ... okay on input line 47.
LaTeX Font Info:    Checking defaults for OMS/cmsy/m/n on input line 47.
LaTeX Font Info:    ... okay on input line 47.
LaTeX Font Info:    Checking defaults for OT1/cmr/m/n on input line 47.
LaTeX Font Info:    ... okay on input line 47.
LaTeX Font Info:    Checking defaults for T1/cmr/m/n on input line 47.
LaTeX Font Info:    ... okay on input line 47.
LaTeX Font Info:    Checking defaults for TS1/cmr/m/n on input line 47.
LaTeX Font Info:    ... okay on input line 47.
LaTeX Font Info:    Checking defaults for OMX/cmex/m/n on input line 47.
LaTeX Font Info:    ... okay on input line 47.
LaTeX Font Info:    Checking defaults for U/cmr/m/n on input line 47.
LaTeX Font Info:    ... okay on input line 47.
LaTeX Font Info:    Checking defaults for PD1/pdf/m/n on input line 47.
LaTeX Font Info:    ... okay on input line 47.
LaTeX Font Info:    Checking defaults for PU/pdf/m/n on input line 47.
LaTeX Font Info:    ... okay on input line 47.

(/usr/share/texlive/texmf-dist/tex/context/base/mkii/supp-pdf.mkii
[Loading MPS to PDF converter (version 2006.09.02).]
\scratchcounter=\count311
\scratchdimen=\dimen196
\scratchbox=\box98
\nofMPsegments=\count312
\nofMParguments=\count313
\everyMPshowfont=\toks30
\MPscratchCnt=\count314
\MPscratchDim=\dimen197
\MPnumerator=\count315
\makeMPintoPDFobject=\count316
\everyMPtoPDFconversion=\toks31
) (/usr/share/texlive/texmf-dist/tex/latex/epstopdf-pkg/epstopdf-base.sty
Package: epstopdf-base 2020-01-24 v2.11 Base part for package epstopdf
Package epstopdf-base Info: Redefining graphics rule for `.eps' on input line 4
85.

(/usr/share/texlive/texmf-dist/tex/latex/latexconfig/epstopdf-sys.cfg
File: epstopdf-sys.cfg 2010/07/13 v1.3 Configuration of (r)epstopdf for TeX Liv
e
))
Package caption Info: Begin \AtBeginDocument code.
Package caption Info: hyperref package is loaded.
Package caption Info: End \AtBeginDocument code.
LaTeX Info: Redefining \it@ocap on input line 47.
LaTeX Info: Redefining \it@ccap on input line 47.
Package hyperref Info: Link coloring OFF on input line 47.

(/usr/share/texlive/texmf-dist/tex/latex/hyperref/nameref.sty
Package: nameref 2021-04-02 v2.47 Cross-referencing by name of section

(/usr/share/texlive/texmf-dist/tex/latex/refcount/refcount.sty
Package: refcount 2019/12/15 v3.6 Data extraction from label references (HO)
)
(/usr/share/texlive/texmf-dist/tex/generic/gettitlestring/gettitlestring.sty
Package: gettitlestring 2019/12/15 v1.6 Cleanup title references (HO)
)
\c@section@level=\count317
)
LaTeX Info: Redefining \ref on input line 47.
LaTeX Info: Redefining \pageref on input line 47.
LaTeX Info: Redefining \nameref on input line 47.

(./latexTemplate.out) (./latexTemplate.out)
\@outlinefile=\write4
\openout4 = `latexTemplate.out'.


*geometry* driver: auto-detecting
*geometry* detected driver: pdftex
*geometry* verbose mode - [ preamble ] result:
* driver: pdftex
* paper: a4paper
* layout: <same size as paper>
* layoutoffset:(h,v)=(0.0pt,0.0pt)
* modes: 
* h-part:(L,W,R)=(5.69054pt, 483.69684pt, 108.1205pt)
* v-part:(T,H,B)=(28.45274pt, 751.15276pt, 65.44135pt)
* \paperwidth=597.50787pt
* \paperheight=845.04684pt
* \textwidth=483.69684pt
* \textheight=751.15276pt
* \oddsidemargin=-66.57945pt
* \evensidemargin=-66.57945pt
* \topmargin=-90.81725pt
* \headheight=17.0pt
* \headsep=30.0pt
* \topskip=17.0pt
* \footskip=35.0pt
* \marginparwidth=2.0pt
* \marginparsep=12.0pt
* \columnsep=10.0pt
* \skip\footins=14.0pt plus 5.0pt minus 3.0pt
* \hoffset=0.0pt
* \voffset=0.0pt
* \mag=1000
* \@twocolumnfalse
* \@twosidefalse
* \@mparswitchfalse
* \@reversemarginfalse
* (1in=72.27pt=25.4mm, 1cm=28.453pt)

(./latexTemplate.toc)
\tf@toc=\write5
\openout5 = `latexTemplate.toc'.

 [1

{/var/lib/texmf/fonts/map/pdftex/updmap/pdftex.map}]
LaTeX Font Info:    Trying to load font information for U+msa on input line 58.


(/usr/share/texlive/texmf-dist/tex/latex/amsfonts/umsa.fd
File: umsa.fd 2013/01/14 v3.01 AMS symbols A
)
LaTeX Font Info:    Trying to load font information for U+msb on input line 58.


(/usr/share/texlive/texmf-dist/tex/latex/amsfonts/umsb.fd
File: umsb.fd 2013/01/14 v3.01 AMS symbols B
)
<pictures/picture_000.png, id=65, 722.7pt x 289.08pt>
File: pictures/picture_000.png Graphic file (type png)
<use pictures/picture_000.png>
Package pdftex.def Info: pictures/picture_000.png  used on input line 96.
(pdftex.def)             Requested size: 578.15999pt x 231.2643pt.

Overfull \hbox (94.46315pt too wide) in paragraph at lines 96--96
 [][] 
 []


LaTeX Warning: `!h' float specifier changed to `!ht'.

[2

]
<pictures/picture_003.png, id=83, 1947.275pt x 1104.125pt>
File: pictures/picture_003.png Graphic file (type png)
<use pictures/picture_003.png>
Package pdftex.def Info: pictures/picture_003.png  used on input line 139.
(pdftex.def)             Requested size: 578.15999pt x 327.81999pt.

Overfull \hbox (94.46315pt too wide) in paragraph at lines 139--139
 [][] 
 []


LaTeX Warning: `!h' float specifier changed to `!ht'.

[3 <./pictures/picture_000.png>]
<pictures/picture_004.png, id=97, 1947.275pt x 1104.125pt>
File: pictures/picture_004.png Graphic file (type png)
<use pictures/picture_004.png>
Package pdftex.def Info: pictures/picture_004.png  used on input line 150.
(pdftex.def)             Requested size: 578.15999pt x 327.81999pt.

Overfull \hbox (94.46315pt too wide) in paragraph at lines 150--150
 [][] 
 []


LaTeX Warning: `!h' float specifier changed to `!ht'.

<pictures/picture_005.png, id=99, 226.2051pt x 128.1588pt>
File: pictures/picture_005.png Graphic file (type png)
<use pictures/picture_005.png>
Package pdftex.def Info: pictures/picture_005.png  used on input line 155.
(pdftex.def)             Requested size: 578.15999pt x 327.58672pt.

Overfull \hbox (94.46315pt too wide) in paragraph at lines 155--155
 [][] 
 []


LaTeX Warning: `!h' float specifier changed to `!ht'.

<pictures/picture_006.png, id=101, 226.2051pt x 128.1588pt>
File: pictures/picture_006.png Graphic file (type png)
<use pictures/picture_006.png>
Package pdftex.def Info: pictures/picture_006.png  used on input line 160.
(pdftex.def)             Requested size: 578.15999pt x 327.58672pt.

Overfull \hbox (94.46315pt too wide) in paragraph at lines 160--160
 [][] 
 []


LaTeX Warning: `!h' float specifier changed to `!ht'.

<pictures/picture_007.png, id=103, 1947.275pt x 1104.125pt>
File: pictures/picture_007.png Graphic file (type png)
<use pictures/picture_007.png>
Package pdftex.def Info: pictures/picture_007.png  used on input line 167.
(pdftex.def)             Requested size: 578.15999pt x 327.81999pt.

Overfull \hbox (94.46315pt too wide) in paragraph at lines 167--167
 [][] 
 []

[4 <./pictures/picture_003.png (PNG copy)>]

LaTeX Warning: Text page 5 contains only floats.


Overfull \vbox (6.25395pt too high) has occurred while \output is active []


[5 <./pictures/picture_004.png (PNG copy)> <./pictures/picture_005.png>]

LaTeX Warning: `!h' float specifier changed to `!ht'.

[6 <./pictures/picture_006.png>]
Overfull \hbox (2.02528pt too wide) in paragraph at lines 171--171
[]\T1/cmr/bx/n/24.88 Copiatura del-le for-mu-le ma-te-ma-ti-che su
 []

<pictures/picture_008.png, id=123, 226.2051pt x 128.1588pt>
File: pictures/picture_008.png Graphic file (type png)
<use pictures/picture_008.png>
Package pdftex.def Info: pictures/picture_008.png  used on input line 176.
(pdftex.def)             Requested size: 578.15999pt x 327.58672pt.

Overfull \hbox (94.46315pt too wide) in paragraph at lines 176--176
 [][] 
 []


LaTeX Warning: `!h' float specifier changed to `!ht'.

<pictures/picture_009.png, id=126, 1947.275pt x 1104.125pt>
File: pictures/picture_009.png Graphic file (type png)
<use pictures/picture_009.png>
Package pdftex.def Info: pictures/picture_009.png  used on input line 182.
(pdftex.def)             Requested size: 578.15999pt x 327.81999pt.

Overfull \hbox (94.46315pt too wide) in paragraph at lines 182--182
 [][] 
 []


LaTeX Warning: `!h' float specifier changed to `!ht'.

<pictures/picture_010.png, id=127, 1947.275pt x 1104.125pt>
File: pictures/picture_010.png Graphic file (type png)
<use pictures/picture_010.png>
Package pdftex.def Info: pictures/picture_010.png  used on input line 185.
(pdftex.def)             Requested size: 578.15999pt x 327.81999pt.

Overfull \hbox (94.46315pt too wide) in paragraph at lines 185--185
 [][] 
 []


LaTeX Warning: `!h' float specifier changed to `!ht'.

<pictures/picture_011.png, id=129, 1947.275pt x 1104.125pt>
File: pictures/picture_011.png Graphic file (type png)
<use pictures/picture_011.png>
Package pdftex.def Info: pictures/picture_011.png  used on input line 190.
(pdftex.def)             Requested size: 578.15999pt x 327.81999pt.

Overfull \hbox (94.46315pt too wide) in paragraph at lines 190--190
 [][] 
 []


LaTeX Warning: `!h' float specifier changed to `!ht'.

<pictures/picture_012.png, id=131, 1947.275pt x 1104.125pt>
File: pictures/picture_012.png Graphic file (type png)
<use pictures/picture_012.png>
Package pdftex.def Info: pictures/picture_012.png  used on input line 195.
(pdftex.def)             Requested size: 578.15999pt x 327.81999pt.

Overfull \hbox (94.46315pt too wide) in paragraph at lines 195--195
 [][] 
 []


LaTeX Warning: `!h' float specifier changed to `!ht'.

[7 <./pictures/picture_007.png (PNG copy)>]

LaTeX Warning: Text page 8 contains only floats.


Overfull \vbox (6.25395pt too high) has occurred while \output is active []


[8 <./pictures/picture_008.png> <./pictures/picture_009.png (PNG copy)>]

LaTeX Warning: Text page 9 contains only floats.


Overfull \vbox (6.48723pt too high) has occurred while \output is active []


[9 <./pictures/picture_010.png (PNG copy)> <./pictures/picture_011.png (PNG cop
y)>] [10 <./pictures/picture_012.png (PNG copy)>]
<pictures/picture_013.png, id=155, 1947.275pt x 1104.125pt>
File: pictures/picture_013.png Graphic file (type png)
<use pictures/picture_013.png>
Package pdftex.def Info: pictures/picture_013.png  used on input line 210.
(pdftex.def)             Requested size: 578.15999pt x 327.81999pt.

Overfull \hbox (94.46315pt too wide) in paragraph at lines 210--210
 [][] 
 []

<pictures/picture_014.png, id=157, 1947.275pt x 1104.125pt>
File: pictures/picture_014.png Graphic file (type png)
<use pictures/picture_014.png>
Package pdftex.def Info: pictures/picture_014.png  used on input line 215.
(pdftex.def)             Requested size: 578.15999pt x 327.81999pt.

Overfull \hbox (94.46315pt too wide) in paragraph at lines 215--215
 [][] 
 []


LaTeX Warning: `!h' float specifier changed to `!ht'.

<pictures/picture_015.png, id=158, 1947.275pt x 1104.125pt>
File: pictures/picture_015.png Graphic file (type png)
<use pictures/picture_015.png>
Package pdftex.def Info: pictures/picture_015.png  used on input line 220.
(pdftex.def)             Requested size: 578.15999pt x 327.81999pt.

Overfull \hbox (94.46315pt too wide) in paragraph at lines 220--220
 [][] 
 []


LaTeX Warning: `!h' float specifier changed to `!ht'.

<pictures/picture_016.png, id=160, 1947.275pt x 1104.125pt>
File: pictures/picture_016.png Graphic file (type png)
<use pictures/picture_016.png>
Package pdftex.def Info: pictures/picture_016.png  used on input line 225.
(pdftex.def)             Requested size: 578.15999pt x 327.81999pt.

Overfull \hbox (94.46315pt too wide) in paragraph at lines 225--225
 [][] 
 []


LaTeX Warning: `!h' float specifier changed to `!ht'.

[11 <./pictures/picture_013.png (PNG copy)>]

LaTeX Warning: Text page 12 contains only floats.


Overfull \vbox (6.48723pt too high) has occurred while \output is active []


[12 <./pictures/picture_014.png (PNG copy)> <./pictures/picture_015.png (PNG co
py)>]
<pictures/picture_017.png, id=181, 226.2051pt x 128.1588pt>
File: pictures/picture_017.png Graphic file (type png)
<use pictures/picture_017.png>
Package pdftex.def Info: pictures/picture_017.png  used on input line 232.
(pdftex.def)             Requested size: 578.15999pt x 327.58672pt.

Overfull \hbox (94.46315pt too wide) in paragraph at lines 232--232
 [][] 
 []


LaTeX Warning: `!h' float specifier changed to `!ht'.

[13 <./pictures/picture_016.png (PNG copy)>]
<pictures/picture_018.png, id=190, 1947.275pt x 1104.125pt>
File: pictures/picture_018.png Graphic file (type png)
<use pictures/picture_018.png>
Package pdftex.def Info: pictures/picture_018.png  used on input line 244.
(pdftex.def)             Requested size: 578.15999pt x 327.81999pt.

Overfull \hbox (94.46315pt too wide) in paragraph at lines 244--244
 [][] 
 []


LaTeX Warning: `!h' float specifier changed to `!ht'.

<pictures/picture_019.png, id=192, 1947.275pt x 1104.125pt>
File: pictures/picture_019.png Graphic file (type png)
<use pictures/picture_019.png>
Package pdftex.def Info: pictures/picture_019.png  used on input line 250.
(pdftex.def)             Requested size: 578.15999pt x 327.81999pt.

Overfull \hbox (94.46315pt too wide) in paragraph at lines 250--250
 [][] 
 []


LaTeX Warning: `!h' float specifier changed to `!ht'.

<pictures/picture_020.png, id=194, 1947.275pt x 1104.125pt>
File: pictures/picture_020.png Graphic file (type png)
<use pictures/picture_020.png>
Package pdftex.def Info: pictures/picture_020.png  used on input line 255.
(pdftex.def)             Requested size: 578.15999pt x 327.81999pt.

Overfull \hbox (94.46315pt too wide) in paragraph at lines 255--255
 [][] 
 []


LaTeX Warning: `!h' float specifier changed to `!ht'.

<pictures/picture_021.png, id=196, 1947.275pt x 1104.125pt>
File: pictures/picture_021.png Graphic file (type png)
<use pictures/picture_021.png>
Package pdftex.def Info: pictures/picture_021.png  used on input line 263.
(pdftex.def)             Requested size: 578.15999pt x 327.81999pt.

Overfull \hbox (94.46315pt too wide) in paragraph at lines 263--263
 [][] 
 []


LaTeX Warning: `!h' float specifier changed to `!ht'.

[14 <./pictures/picture_017.png>]

LaTeX Warning: Text page 15 contains only floats.


Overfull \vbox (6.48723pt too high) has occurred while \output is active []


[15 <./pictures/picture_018.png (PNG copy)> <./pictures/picture_019.png (PNG co
py)>]

LaTeX Warning: Text page 16 contains only floats.


Overfull \vbox (6.48723pt too high) has occurred while \output is active []


[16 <./pictures/picture_020.png (PNG copy)> <./pictures/picture_021.png (PNG co
py)>]
<pictures/picture_022.png, id=215, 1947.275pt x 1104.125pt>
File: pictures/picture_022.png Graphic file (type png)
<use pictures/picture_022.png>
Package pdftex.def Info: pictures/picture_022.png  used on input line 271.
(pdftex.def)             Requested size: 578.15999pt x 327.81999pt.

Overfull \hbox (94.46315pt too wide) in paragraph at lines 271--271
 [][] 
 []

<pictures/picture_023.png, id=217, 1947.275pt x 1104.125pt>
File: pictures/picture_023.png Graphic file (type png)
<use pictures/picture_023.png>
Package pdftex.def Info: pictures/picture_023.png  used on input line 277.
(pdftex.def)             Requested size: 578.15999pt x 327.81999pt.

Overfull \hbox (94.46315pt too wide) in paragraph at lines 277--277
 [][] 
 []


LaTeX Warning: `!h' float specifier changed to `!ht'.

<pictures/picture_024.png, id=218, 1947.275pt x 1104.125pt>
File: pictures/picture_024.png Graphic file (type png)
<use pictures/picture_024.png>
Package pdftex.def Info: pictures/picture_024.png  used on input line 282.
(pdftex.def)             Requested size: 578.15999pt x 327.81999pt.

Overfull \hbox (94.46315pt too wide) in paragraph at lines 282--282
 [][] 
 []


LaTeX Warning: `!h' float specifier changed to `!ht'.

<pictures/picture_025.png, id=219, 1947.275pt x 1104.125pt>
File: pictures/picture_025.png Graphic file (type png)
<use pictures/picture_025.png>
Package pdftex.def Info: pictures/picture_025.png  used on input line 286.
(pdftex.def)             Requested size: 578.15999pt x 327.81999pt.

Overfull \hbox (94.46315pt too wide) in paragraph at lines 286--286
 [][] 
 []


LaTeX Warning: `!h' float specifier changed to `!ht'.

<pictures/picture_026.png, id=220, 1947.275pt x 1104.125pt>
File: pictures/picture_026.png Graphic file (type png)
<use pictures/picture_026.png>
Package pdftex.def Info: pictures/picture_026.png  used on input line 290.
(pdftex.def)             Requested size: 578.15999pt x 327.81999pt.

Overfull \hbox (94.46315pt too wide) in paragraph at lines 290--290
 [][] 
 []


LaTeX Warning: `!h' float specifier changed to `!ht'.

<pictures/picture_027.png, id=221, 226.2051pt x 128.1588pt>
File: pictures/picture_027.png Graphic file (type png)
<use pictures/picture_027.png>
Package pdftex.def Info: pictures/picture_027.png  used on input line 294.
(pdftex.def)             Requested size: 578.15999pt x 327.58672pt.

Overfull \hbox (94.46315pt too wide) in paragraph at lines 294--294
 [][] 
 []


LaTeX Warning: `!h' float specifier changed to `!ht'.

[17 <./pictures/picture_022.png (PNG copy)>]

LaTeX Warning: Text page 18 contains only floats.


Overfull \vbox (6.48723pt too high) has occurred while \output is active []


[18 <./pictures/picture_023.png (PNG copy)> <./pictures/picture_024.png (PNG co
py)>]

LaTeX Warning: Text page 19 contains only floats.


Overfull \vbox (6.48723pt too high) has occurred while \output is active []


[19 <./pictures/picture_025.png (PNG copy)> <./pictures/picture_026.png (PNG co
py)>] [20 <./pictures/picture_027.png>]
<pictures/picture_028.png, id=246, 1947.275pt x 1104.125pt>
File: pictures/picture_028.png Graphic file (type png)
<use pictures/picture_028.png>
Package pdftex.def Info: pictures/picture_028.png  used on input line 309.
(pdftex.def)             Requested size: 578.15999pt x 327.81999pt.

Overfull \hbox (94.46315pt too wide) in paragraph at lines 309--309
 [][] 
 []

<pictures/picture_029.png, id=247, 226.2051pt x 128.1588pt>
File: pictures/picture_029.png Graphic file (type png)
<use pictures/picture_029.png>
Package pdftex.def Info: pictures/picture_029.png  used on input line 314.
(pdftex.def)             Requested size: 578.15999pt x 327.58672pt.

Overfull \hbox (94.46315pt too wide) in paragraph at lines 314--314
 [][] 
 []


LaTeX Warning: `!h' float specifier changed to `!ht'.

<pictures/picture_030.png, id=248, 1947.275pt x 1104.125pt>
File: pictures/picture_030.png Graphic file (type png)
<use pictures/picture_030.png>
Package pdftex.def Info: pictures/picture_030.png  used on input line 318.
(pdftex.def)             Requested size: 578.15999pt x 327.81999pt.

Overfull \hbox (94.46315pt too wide) in paragraph at lines 318--318
 [][] 
 []


LaTeX Warning: `!h' float specifier changed to `!ht'.

[21 <./pictures/picture_028.png (PNG copy)>]

LaTeX Warning: Text page 22 contains only floats.


Overfull \vbox (6.25395pt too high) has occurred while \output is active []


[22 <./pictures/picture_029.png> <./pictures/picture_030.png (PNG copy)>]
(./latexTemplate.aux)
Package rerunfilecheck Info: File `latexTemplate.out' has not changed.
(rerunfilecheck)             Checksum: 65C6A40C2A134A24EC5CEED7A3728EC5;2619.
 ) 
Here is how much of TeX's memory you used:
 14065 strings out of 478287
 230598 string characters out of 5849290
 535104 words of memory out of 5000000
 31967 multiletter control sequences out of 15000+600000
 484108 words of font info for 65 fonts, out of 8000000 for 9000
 1141 hyphenation exceptions out of 8191
 60i,8n,64p,590b,507s stack positions out of 5000i,500n,10000p,200000b,80000s
{/usr/share/texmf/fonts/enc/dvips/cm-super/cm-super-t1.enc}</usr/share/texliv
e/texmf-dist/fonts/type1/public/amsfonts/cm/cmex10.pfb></usr/share/texlive/texm
f-dist/fonts/type1/public/amsfonts/cm/cmmi12.pfb></usr/share/texlive/texmf-dist
/fonts/type1/public/amsfonts/cm/cmr12.pfb></usr/share/texlive/texmf-dist/fonts/
type1/public/amsfonts/cm/cmr17.pfb></usr/share/texlive/texmf-dist/fonts/type1/p
ublic/amsfonts/cm/cmsy10.pfb></usr/share/texmf/fonts/type1/public/cm-super/sfbi
1728.pfb></usr/share/texmf/fonts/type1/public/cm-super/sfbi2488.pfb></usr/share
/texmf/fonts/type1/public/cm-super/sfbx1440.pfb></usr/share/texmf/fonts/type1/p
ublic/cm-super/sfbx1728.pfb></usr/share/texmf/fonts/type1/public/cm-super/sfbx2
488.pfb></usr/share/texmf/fonts/type1/public/cm-super/sfrm0800.pfb></usr/share/
texmf/fonts/type1/public/cm-super/sfrm1200.pfb></usr/share/texmf/fonts/type1/pu
blic/cm-super/sfrm1440.pfb></usr/share/texmf/fonts/type1/public/cm-super/sfrm17
28.pfb></usr/share/texmf/fonts/type1/public/cm-super/sfti1728.pfb>
Output written on latexTemplate.pdf (22 pages, 4457603 bytes).
PDF statistics:
 343 PDF objects out of 1000 (max. 8388607)
 250 compressed objects within 3 object streams
 70 named destinations out of 1000 (max. 500000)
 218 words of extra memory for PDF output out of 10000 (max. 10000000)

